2021-06-11 13:14:46,255  INFO Version:21 - HV000001: Hibernate Validator 6.1.6.Final
2021-06-11 13:19:39,222  INFO Version:21 - HV000001: Hibernate Validator 6.1.6.Final
2021-06-11 13:19:59,184  INFO TestSign:45 - Begin===============================================================
2021-06-11 13:19:59,333  INFO TestSign:46 - 请求路径:/ceshi
请求参数:{"account":"123456","headurl":"www.jpg","id":1,"mobile":"1322239906","name":"胡菊菊111111111","password":"159357258jy"}
2021-06-11 13:19:59,359  INFO afterResponseBody:23 - 返回值:{"code":-1,"message":"签名错误","success":false}
2021-06-11 13:19:59,360  INFO afterResponseBody:24 - END========================================================================
2021-06-11 13:55:03,296  INFO Version:21 - HV000001: Hibernate Validator 6.1.6.Final
2021-06-11 13:55:18,585  INFO TestSign:45 - Begin===============================================================
2021-06-11 13:55:18,700  INFO TestSign:46 - 请求路径:/ceshi
请求参数:{"account":"123456","headurl":"www.jpg","id":1,"mobile":"1322239906","name":"胡菊菊111111111","password":"159357258jy"}
2021-06-11 13:55:18,726  INFO afterResponseBody:22 - 返回值:{"code":-1,"message":"签名错误","success":false}
2021-06-11 13:55:18,726  INFO afterResponseBody:23 - END========================================================================
2021-06-11 14:23:38,333  INFO Version:21 - HV000001: Hibernate Validator 6.1.6.Final
2021-06-11 14:28:07,501  INFO Version:21 - HV000001: Hibernate Validator 6.1.6.Final
2021-06-11 15:53:50,645  INFO Version:21 - HV000001: Hibernate Validator 6.1.6.Final
2021-06-11 16:05:51,327  INFO Version:21 - HV000001: Hibernate Validator 6.1.6.Final
2021-06-11 16:16:22,116  INFO Version:21 - HV000001: Hibernate Validator 6.1.6.Final
2021-06-11 16:18:05,836  INFO Version:21 - HV000001: Hibernate Validator 6.1.6.Final
2021-06-11 16:19:52,780  INFO Version:21 - HV000001: Hibernate Validator 6.1.6.Final
2021-06-11 16:29:06,829  INFO Version:21 - HV000001: Hibernate Validator 6.1.6.Final
2021-06-11 16:30:52,523  INFO Version:21 - HV000001: Hibernate Validator 6.1.6.Final
2021-06-11 16:31:56,948  INFO Version:21 - HV000001: Hibernate Validator 6.1.6.Final
2021-06-11 16:36:14,174  INFO Version:21 - HV000001: Hibernate Validator 6.1.6.Final
2021-06-11 16:38:53,908  INFO Version:21 - HV000001: Hibernate Validator 6.1.6.Final
2021-06-11 16:41:07,430  INFO Version:21 - HV000001: Hibernate Validator 6.1.6.Final
2021-06-11 16:41:10,199  INFO LogHelper:31 - HHH000204: Processing PersistenceUnitInfo [name: default]
2021-06-11 16:41:10,290  INFO Version:44 - HHH000412: Hibernate ORM core version 5.4.23.Final
2021-06-11 16:41:10,547  INFO Version:56 - HCANN000001: Hibernate Commons Annotations {5.1.2.Final}
2021-06-11 16:41:10,775  INFO Dialect:170 - HHH000400: Using dialect: org.hibernate.dialect.MySQL8Dialect
2021-06-11 16:41:11,675  INFO JtaPlatformInitiator:52 - HHH000490: Using JtaPlatform implementation: [org.hibernate.engine.transaction.jta.platform.internal.NoJtaPlatform]
2021-06-22 16:52:04,387  INFO TestSign:41 - Begin===============================================================
2021-06-22 16:52:04,547  INFO TestSign:42 - 请求路径:/siginin
请求参数:{"password":"159357258jy"}
2021-06-22 16:52:04,590  INFO afterResponseBody:22 - 返回值:{"code":-1,"message":"签名错误","success":false}
2021-06-22 16:52:04,590  INFO afterResponseBody:23 - END========================================================================
2021-06-22 16:52:31,830  INFO TestSign:41 - Begin===============================================================
2021-06-22 16:52:31,831  INFO TestSign:42 - 请求路径:/siginin
请求参数:{"count":"123456","password":"159357258jy"}
2021-06-22 16:52:31,833  INFO afterResponseBody:22 - 返回值:{"code":-1,"message":"签名错误","success":false}
2021-06-22 16:52:31,834  INFO afterResponseBody:23 - END========================================================================
2021-06-22 16:53:12,152  INFO afterResponseBody:22 - 返回值:{"timestamp":1624351992141,"status":404,"error":"Not Found","message":"","path":"/siginin1"}
2021-06-22 16:53:12,152  INFO afterResponseBody:23 - END========================================================================
2021-06-22 16:53:17,160  INFO TestSign:41 - Begin===============================================================
2021-06-22 16:53:17,160  INFO TestSign:42 - 请求路径:/siginin
请求参数:{"count":"123456","password":"159357258jy"}
2021-06-22 16:53:17,161  INFO afterResponseBody:22 - 返回值:{"code":-1,"message":"签名错误","success":false}
2021-06-22 16:53:17,162  INFO afterResponseBody:23 - END========================================================================
2021-06-22 16:53:51,852  INFO TestSign:41 - Begin===============================================================
2021-06-22 16:53:51,853  INFO TestSign:42 - 请求路径:/siginin
请求参数:{"count":"123456","password":"159357258jy"}
2021-06-22 16:53:51,853  INFO afterResponseBody:22 - 返回值:{"code":-1,"message":"签名错误","success":false}
2021-06-22 16:53:51,854  INFO afterResponseBody:23 - END========================================================================
2021-06-22 16:54:04,897  INFO TestSign:41 - Begin===============================================================
2021-06-22 16:54:04,898  INFO TestSign:42 - 请求路径:/siginin
请求参数:{"count":"123456","password":"159357258"}
2021-06-22 16:54:04,898  INFO afterResponseBody:22 - 返回值:{"code":-1,"message":"签名错误","success":false}
2021-06-22 16:54:04,899  INFO afterResponseBody:23 - END========================================================================
2021-06-22 16:58:09,624  INFO TestSign:41 - Begin===============================================================
2021-06-22 16:58:09,626  INFO TestSign:42 - 请求路径:/siginin
请求参数:{"count":"123456","password":"159357258"}
2021-06-22 16:58:10,210  INFO afterResponseBody:22 - 返回值:{"code":0,"message":"注册成功","success":true}
2021-06-22 16:58:10,210  INFO afterResponseBody:23 - END========================================================================
2021-06-22 17:46:02,161  INFO Version:21 - HV000001: Hibernate Validator 6.1.6.Final
2021-06-22 17:46:05,146  INFO LogHelper:31 - HHH000204: Processing PersistenceUnitInfo [name: default]
2021-06-22 17:46:05,233  INFO Version:44 - HHH000412: Hibernate ORM core version 5.4.23.Final
2021-06-22 17:46:05,498  INFO Version:56 - HCANN000001: Hibernate Commons Annotations {5.1.2.Final}
2021-06-22 17:46:05,758  INFO Dialect:170 - HHH000400: Using dialect: org.hibernate.dialect.MySQL8Dialect
2021-06-22 17:46:06,782  INFO JtaPlatformInitiator:52 - HHH000490: Using JtaPlatform implementation: [org.hibernate.engine.transaction.jta.platform.internal.NoJtaPlatform]
2021-06-22 17:46:53,374  INFO TestSign:41 - Begin===============================================================
2021-06-22 17:46:53,479  INFO TestSign:42 - 请求路径:/siginin
请求参数:{"count":"1253754271","password":"123456"}
2021-06-22 17:46:57,035  INFO afterResponseBody:22 - 返回值:{"code":0,"message":"注册成功,xAuthtoken:4df14bca4a3638bc861ad759761e989d","success":true}
2021-06-22 17:46:57,036  INFO afterResponseBody:23 - END========================================================================
2021-06-22 17:59:07,027  INFO TestSign:41 - Begin===============================================================
2021-06-22 17:59:07,034  INFO TestSign:42 - 请求路径:/siginin
请求参数:{"count":"1322239906","password":"123456789"}
2021-06-22 17:59:07,343  INFO afterResponseBody:22 - 返回值:{"code":0,"message":"注册成功,xAuthtoken:bc9baf322ac36937784467a2350e47e2","success":true}
2021-06-22 17:59:07,343  INFO afterResponseBody:23 - END========================================================================
2021-06-23 11:26:22,307  INFO Version:21 - HV000001: Hibernate Validator 6.1.6.Final
2021-06-23 11:26:26,022  INFO LogHelper:31 - HHH000204: Processing PersistenceUnitInfo [name: default]
2021-06-23 11:26:26,115  INFO Version:44 - HHH000412: Hibernate ORM core version 5.4.23.Final
2021-06-23 11:26:26,363  INFO Version:56 - HCANN000001: Hibernate Commons Annotations {5.1.2.Final}
2021-06-23 11:26:26,578  INFO Dialect:170 - HHH000400: Using dialect: org.hibernate.dialect.MySQL8Dialect
2021-06-23 11:26:27,492  INFO JtaPlatformInitiator:52 - HHH000490: Using JtaPlatform implementation: [org.hibernate.engine.transaction.jta.platform.internal.NoJtaPlatform]
2021-06-23 11:26:53,277  INFO TestSign:41 - Begin===============================================================
2021-06-23 11:26:53,399  INFO TestSign:42 - 请求路径:/siginin
请求参数:{"count":"13222399064","password":"123456789"}
2021-06-23 11:26:55,476  INFO afterResponseBody:22 - 返回值:{"code":0,"message":"注册成功,xAuthtoken:F8AA2A9AD4C98E838D3D4FF50A71AC09","success":true}
2021-06-23 11:26:55,476  INFO afterResponseBody:23 - END========================================================================
2021-06-23 11:30:11,818  INFO TestSign:41 - Begin===============================================================
2021-06-23 11:30:11,818  INFO TestSign:42 - 请求路径:/siginin
请求参数:{"count":"132223990634","password":"123456"}
2021-06-23 11:30:11,923  INFO afterResponseBody:22 - 返回值:{"code":0,"message":"注册成功,xAuthtoken:9E14057AB0AA08588006AF5FB9A69127","success":true}
2021-06-23 11:30:11,924  INFO afterResponseBody:23 - END========================================================================
2021-06-23 11:47:07,894  INFO Version:21 - HV000001: Hibernate Validator 6.1.6.Final
2021-06-23 11:47:10,184  INFO LogHelper:31 - HHH000204: Processing PersistenceUnitInfo [name: default]
2021-06-23 11:47:10,253  INFO Version:44 - HHH000412: Hibernate ORM core version 5.4.23.Final
2021-06-23 11:47:10,470  INFO Version:56 - HCANN000001: Hibernate Commons Annotations {5.1.2.Final}
2021-06-23 11:47:10,646  INFO Dialect:170 - HHH000400: Using dialect: org.hibernate.dialect.MySQL8Dialect
2021-06-23 11:47:11,522  INFO JtaPlatformInitiator:52 - HHH000490: Using JtaPlatform implementation: [org.hibernate.engine.transaction.jta.platform.internal.NoJtaPlatform]
2021-06-23 11:47:36,572  INFO TestSign:41 - Begin===============================================================
2021-06-23 11:47:36,664  INFO TestSign:42 - 请求路径:/siginin
请求参数:{"count":"132223990634","password":"123456"}
2021-06-23 11:47:37,019  INFO afterResponseBody:22 - 返回值:{"code":-1,"message":"当前注册的账号已经存在!","success":false}
2021-06-23 11:47:37,019  INFO afterResponseBody:23 - END========================================================================
2021-06-23 11:47:47,255  INFO TestSign:41 - Begin===============================================================
2021-06-23 11:47:47,256  INFO TestSign:42 - 请求路径:/siginin
请求参数:{"count":"1322239906347test","password":"123456"}
2021-06-23 11:47:49,910  INFO afterResponseBody:22 - 返回值:{"code":0,"message":"注册成功","success":true}
2021-06-23 11:47:49,911  INFO afterResponseBody:23 - END========================================================================
